<?xml version="1.0" encoding="UTF-8"?>
<testsuite xmlns:xsi="http://www.w3.org/2001/XMLSchema-instance" xsi:noNamespaceSchemaLocation="https://maven.apache.org/surefire/maven-surefire-plugin/xsd/surefire-test-report-3.0.xsd" version="3.0" name="com.example.Parche.ParcheApplicationTests" time="13.598" tests="1" errors="0" skipped="0" failures="0">
  <properties>
[...]
</properties>
  <testcase name="contextLoads" classname="com.example.Parche.ParcheApplicationTests" time="1.191">
    <system-out><![CDATA[20:55:04.316 [main] INFO org.springframework.test.context.support.AnnotationConfigContextLoaderUtils -- Could not detect default configuration classes for test class [com.example.Parche.ParcheApplicationTests]: ParcheApplicationTests does not declare any static, non-private, non-final, nested classes annotated with @Configuration.
20:55:04.480 [main] INFO org.springframework.boot.test.context.SpringBootTestContextBootstrapper -- Found @SpringBootConfiguration com.example.Parche.ParcheApplication for test class com.example.Parche.ParcheApplicationTests

  .   ____          _            __ _ _
 /\\ / ___'_ __ _ _(_)_ __  __ _ \ \ \ \
( ( )\___ | '_ | '_| | '_ \/ _` | \ \ \ \
 \\/  ___)| |_)| | | | | || (_| |  ) ) ) )
  '  |____| .__|_| |_|_| |_\__, | / / / /
 =========|_|==============|___/=/_/_/_/
 :: Spring Boot ::                (v3.1.2)

2023-09-22T20:55:04.887-05:00  INFO 14980 --- [           main] c.example.Parche.ParcheApplicationTests  : Starting ParcheApplicationTests using Java 19.0.2 with PID 14980 (started by cris in /home/cris/Documentos/Repositorios/Parche_Parceros/Backend)
2023-09-22T20:55:04.889-05:00  INFO 14980 --- [           main] c.example.Parche.ParcheApplicationTests  : No active profile set, falling back to 1 default profile: "default"
2023-09-22T20:55:05.759-05:00  INFO 14980 --- [           main] .s.d.r.c.RepositoryConfigurationDelegate : Bootstrapping Spring Data JPA repositories in DEFAULT mode.
2023-09-22T20:55:05.823-05:00  INFO 14980 --- [           main] .s.d.r.c.RepositoryConfigurationDelegate : Finished Spring Data repository scanning in 57 ms. Found 5 JPA repository interfaces.
2023-09-22T20:55:06.413-05:00  INFO 14980 --- [           main] o.hibernate.jpa.internal.util.LogHelper  : HHH000204: Processing PersistenceUnitInfo [name: default]
2023-09-22T20:55:06.467-05:00  INFO 14980 --- [           main] org.hibernate.Version                    : HHH000412: Hibernate ORM core version 6.2.6.Final
2023-09-22T20:55:06.469-05:00  INFO 14980 --- [           main] org.hibernate.cfg.Environment            : HHH000406: Using bytecode reflection optimizer
2023-09-22T20:55:06.591-05:00  INFO 14980 --- [           main] o.h.b.i.BytecodeProviderInitiator        : HHH000021: Bytecode provider name : bytebuddy
2023-09-22T20:55:06.686-05:00  INFO 14980 --- [           main] o.s.o.j.p.SpringPersistenceUnitInfo      : No LoadTimeWeaver setup: ignoring JPA class transformer
2023-09-22T20:55:06.713-05:00  INFO 14980 --- [           main] com.zaxxer.hikari.HikariDataSource       : HikariPool-1 - Starting...
2023-09-22T20:55:08.566-05:00  INFO 14980 --- [           main] com.zaxxer.hikari.pool.HikariPool        : HikariPool-1 - Added connection com.mysql.cj.jdbc.ConnectionImpl@296676c4
2023-09-22T20:55:08.567-05:00  INFO 14980 --- [           main] com.zaxxer.hikari.HikariDataSource       : HikariPool-1 - Start completed.
2023-09-22T20:55:09.033-05:00  INFO 14980 --- [           main] o.h.b.i.BytecodeProviderInitiator        : HHH000021: Bytecode provider name : bytebuddy
2023-09-22T20:55:09.691-05:00  INFO 14980 --- [           main] o.h.e.t.j.p.i.JtaPlatformInitiator       : HHH000490: Using JtaPlatform implementation: [org.hibernate.engine.transaction.jta.platform.internal.NoJtaPlatform]
2023-09-22T20:55:14.316-05:00  INFO 14980 --- [           main] j.LocalContainerEntityManagerFactoryBean : Initialized JPA EntityManagerFactory for persistence unit 'default'
2023-09-22T20:55:14.592-05:00  INFO 14980 --- [           main] o.s.d.j.r.query.QueryEnhancerFactory     : Hibernate is in classpath; If applicable, HQL parser will be used.
2023-09-22T20:55:15.204-05:00  WARN 14980 --- [           main] JpaBaseConfiguration$JpaWebConfiguration : spring.jpa.open-in-view is enabled by default. Therefore, database queries may be performed during view rendering. Explicitly configure spring.jpa.open-in-view to disable this warning
2023-09-22T20:55:15.319-05:00  INFO 14980 --- [           main] o.s.s.web.DefaultSecurityFilterChain     : Will secure any request with [org.springframework.security.web.session.DisableEncodeUrlFilter@62a89e92, org.springframework.security.web.context.request.async.WebAsyncManagerIntegrationFilter@6ba8859b, org.springframework.security.web.context.SecurityContextHolderFilter@3c5de17c, org.springframework.security.web.header.HeaderWriterFilter@132f1d85, org.springframework.web.filter.CorsFilter@2c841ac4, org.springframework.security.web.authentication.logout.LogoutFilter@15932faf, com.example.Parche.security.jwt.JwtFilter@605c2b9f, org.springframework.security.web.savedrequest.RequestCacheAwareFilter@794cd751, org.springframework.security.web.servletapi.SecurityContextHolderAwareRequestFilter@63069995, org.springframework.security.web.authentication.AnonymousAuthenticationFilter@26e588b7, org.springframework.security.web.session.SessionManagementFilter@6d1c15cb, org.springframework.security.web.access.ExceptionTranslationFilter@1928208d, org.springframework.security.web.access.intercept.AuthorizationFilter@55fb9e52]
2023-09-22T20:55:16.009-05:00  INFO 14980 --- [           main] c.example.Parche.ParcheApplicationTests  : Started ParcheApplicationTests in 11.396 seconds (process running for 13.296)
]]></system-out>
  </testcase>
</testsuite>